C51 COMPILER V9.00   开关量                                                                12/16/2015 13:47:40 PAGE 1   


C51 COMPILER V9.00, COMPILATION OF MODULE 开关量
OBJECT MODULE PLACED IN 开关量.OBJ
COMPILER INVOKED BY: C:\Keil\C51\BIN\C51.EXE 开关量.C BROWSE DEBUG OBJECTEXTEND

line level    source

   1          /**************************************************************************************
   2          *功能:开关量信号检测                                                                                                          
   3          *硬件链接: LED-->P1.0                                                                                     
   4          *          signal-->P3.5(模块的开关量信号DO)                                                                                    
   5          *作者:研发中心                                                                                                                                           
   6          *公司:科睿电子产品有限公司                                                                                                               
   7          *电话:0530-2897239   15192459227                                                                                                          
   8          *地址:菏泽开发区广州路与淮河路交叉口科睿电子产品有限公司                                                  
   9          ***************************************************************************************/
  10          #include<reg52.h>        //52单片机头文件     
  11          #define uint unsigned int //宏定义
  12          sbit LED=P1^0;           //信号指示灯LED
  13          sbit signal=P3^5;        //模块开关量信号DO
  14          /*
  15          ********************************************************************************
  16          ** 函数名称 : delay(uint x)
  17          ** 函数功能 : 延时函数
  18          ********************************************************************************
  19          */
  20          void delay(uint x)      //ms延时函数
  21          {
  22   1       uint a,b;
  23   1       for(a=x;a>0;a--)
  24   1        for(b=110;b>0;b--);
  25   1      
  26   1      }
  27          //*************************
  28          //**********主函数*********
  29          //*************************
  30          void main()
  31          {
  32   1         LED=1;//初始化LED
  33   1              while(1)   
  34   1              {  
  35   2               if(signal==0)  //检测DO是否有低电平输出
  36   2               {
  37   3                  delay(5);   //延时去抖
  38   3                      if(signal==0)//确定DO输出低电平
  39   3                  {                              
  40   4                       LED=0;    //点亮LED
  41   4                      }
  42   3               }
  43   2          }
  44   1      }       
  45          


MODULE INFORMATION:   STATIC OVERLAYABLE
   CODE SIZE        =     49    ----
   CONSTANT SIZE    =   ----    ----
   XDATA SIZE       =   ----    ----
   PDATA SIZE       =   ----    ----
   DATA SIZE        =   ----    ----
   IDATA SIZE       =   ----    ----
   BIT SIZE         =   ----    ----
C51 COMPILER V9.00   开关量                                                                12/16/2015 13:47:40 PAGE 2   

END OF MODULE INFORMATION.


C51 COMPILATION COMPLETE.  0 WARNING(S),  0 ERROR(S)
